<?xml version="1.0" encoding="UTF-8"?>
<coverage generated="1641890787203" clover="3.2.0">
  <project timestamp="1641890787203" name="All files">
    <metrics statements="16" coveredstatements="16" conditionals="8" coveredconditionals="7" methods="10" coveredmethods="10" elements="34" coveredelements="33" complexity="0" loc="16" ncloc="16" packages="1" files="2" classes="2"/>
    <file name="App.js" path="/Volumes/XPG Adata S11 256GB/Documents/temp/exercise-digimon-finders/src/App.js">
      <metrics statements="13" coveredstatements="13" conditionals="8" coveredconditionals="7" methods="9" coveredmethods="9"/>
      <line num="7" count="3" type="stmt"/>
      <line num="8" count="3" type="stmt"/>
      <line num="10" count="3" type="stmt"/>
      <line num="11" count="3" type="stmt"/>
      <line num="15" count="14" type="stmt"/>
      <line num="22" count="1" type="stmt"/>
      <line num="23" count="1" type="cond" truecount="1" falsecount="1"/>
      <line num="24" count="1" type="stmt"/>
      <line num="25" count="1" type="stmt"/>
      <line num="26" count="1" type="stmt"/>
      <line num="36" count="18" type="stmt"/>
      <line num="37" count="18" type="stmt"/>
      <line num="44" count="14" type="stmt"/>
    </file>
    <file name="Digimon.js" path="/Volumes/XPG Adata S11 256GB/Documents/temp/exercise-digimon-finders/src/Digimon.js">
      <metrics statements="3" coveredstatements="3" conditionals="0" coveredconditionals="0" methods="1" coveredmethods="1"/>
      <line num="4" count="2" type="stmt"/>
      <line num="5" count="1" type="stmt"/>
      <line num="14" count="2" type="stmt"/>
    </file>
  </project>
</coverage>
