{"/Volumes/XPG Adata S11 256GB/Documents/temp/exercise-digimon-finders/src/App.js": {"path":"/Volumes/XPG Adata S11 256GB/Documents/temp/exercise-digimon-finders/src/App.js","statementMap":{"0":{"start":{"line":7,"column":4},"end":{"line":7,"column":12}},"1":{"start":{"line":8,"column":4},"end":{"line":8,"column":76}},"2":{"start":{"line":10,"column":4},"end":{"line":10,"column":49}},"3":{"start":{"line":11,"column":4},"end":{"line":11,"column":57}},"4":{"start":{"line":15,"column":4},"end":{"line":18,"column":8}},"5":{"start":{"line":15,"column":30},"end":{"line":18,"column":5}},"6":{"start":{"line":22,"column":30},"end":{"line":22,"column":40}},"7":{"start":{"line":23,"column":4},"end":{"line":32,"column":5}},"8":{"start":{"line":24,"column":6},"end":{"line":31,"column":13}},"9":{"start":{"line":25,"column":23},"end":{"line":25,"column":33}},"10":{"start":{"line":26,"column":27},"end":{"line":31,"column":11}},"11":{"start":{"line":26,"column":53},"end":{"line":31,"column":9}},"12":{"start":{"line":36,"column":65},"end":{"line":36,"column":75}},"13":{"start":{"line":37,"column":4},"end":{"line":61,"column":6}},"14":{"start":{"line":44,"column":39},"end":{"line":44,"column":68}}},"fnMap":{"0":{"name":"(anonymous_0)","decl":{"start":{"line":6,"column":2},"end":{"line":6,"column":3}},"loc":{"start":{"line":6,"column":16},"end":{"line":12,"column":3}},"line":6},"1":{"name":"(anonymous_1)","decl":{"start":{"line":14,"column":2},"end":{"line":14,"column":3}},"loc":{"start":{"line":14,"column":20},"end":{"line":19,"column":3}},"line":14},"2":{"name":"(anonymous_2)","decl":{"start":{"line":15,"column":18},"end":{"line":15,"column":19}},"loc":{"start":{"line":15,"column":30},"end":{"line":18,"column":5}},"line":15},"3":{"name":"(anonymous_3)","decl":{"start":{"line":21,"column":2},"end":{"line":21,"column":3}},"loc":{"start":{"line":21,"column":25},"end":{"line":33,"column":3}},"line":21},"4":{"name":"(anonymous_4)","decl":{"start":{"line":25,"column":14},"end":{"line":25,"column":15}},"loc":{"start":{"line":25,"column":23},"end":{"line":25,"column":33}},"line":25},"5":{"name":"(anonymous_5)","decl":{"start":{"line":26,"column":14},"end":{"line":26,"column":15}},"loc":{"start":{"line":26,"column":27},"end":{"line":31,"column":11}},"line":26},"6":{"name":"(anonymous_6)","decl":{"start":{"line":26,"column":41},"end":{"line":26,"column":42}},"loc":{"start":{"line":26,"column":53},"end":{"line":31,"column":9}},"line":26},"7":{"name":"(anonymous_7)","decl":{"start":{"line":35,"column":2},"end":{"line":35,"column":3}},"loc":{"start":{"line":35,"column":11},"end":{"line":62,"column":3}},"line":35},"8":{"name":"(anonymous_8)","decl":{"start":{"line":44,"column":23},"end":{"line":44,"column":24}},"loc":{"start":{"line":44,"column":39},"end":{"line":44,"column":68}},"line":44}},"branchMap":{"0":{"loc":{"start":{"line":23,"column":4},"end":{"line":32,"column":5}},"type":"if","locations":[{"start":{"line":23,"column":4},"end":{"line":32,"column":5}},{"start":{"line":23,"column":4},"end":{"line":32,"column":5}}],"line":23},"1":{"loc":{"start":{"line":56,"column":10},"end":{"line":58,"column":60}},"type":"cond-expr","locations":[{"start":{"line":57,"column":14},"end":{"line":57,"column":45}},{"start":{"line":58,"column":14},"end":{"line":58,"column":60}}],"line":56},"2":{"loc":{"start":{"line":56,"column":10},"end":{"line":56,"column":37}},"type":"binary-expr","locations":[{"start":{"line":56,"column":10},"end":{"line":56,"column":20}},{"start":{"line":56,"column":24},"end":{"line":56,"column":37}}],"line":56},"3":{"loc":{"start":{"line":58,"column":19},"end":{"line":58,"column":54}},"type":"binary-expr","locations":[{"start":{"line":58,"column":19},"end":{"line":58,"column":31}},{"start":{"line":58,"column":35},"end":{"line":58,"column":54}}],"line":58}},"s":{"0":3,"1":3,"2":3,"3":3,"4":14,"5":14,"6":1,"7":1,"8":1,"9":1,"10":1,"11":1,"12":18,"13":18,"14":14},"f":{"0":3,"1":14,"2":14,"3":1,"4":1,"5":1,"6":1,"7":18,"8":14},"b":{"0":[1,0],"1":[1,17],"2":[18,1],"3":[17,17]},"_coverageSchema":"43e27e138ebf9cfc5966b082cf9a028302ed4184","hash":"1195f2d24963e1a6f8dbd626e0f8c0a145bc9f8d"}
,"/Volumes/XPG Adata S11 256GB/Documents/temp/exercise-digimon-finders/src/Digimon.js": {"path":"/Volumes/XPG Adata S11 256GB/Documents/temp/exercise-digimon-finders/src/Digimon.js","statementMap":{"0":{"start":{"line":4,"column":16},"end":{"line":10,"column":1}},"1":{"start":{"line":5,"column":2},"end":{"line":9,"column":8}},"2":{"start":{"line":14,"column":0},"end":{"line":18,"column":14}}},"fnMap":{"0":{"name":"(anonymous_0)","decl":{"start":{"line":4,"column":16},"end":{"line":4,"column":17}},"loc":{"start":{"line":5,"column":2},"end":{"line":9,"column":8}},"line":5}},"branchMap":{},"s":{"0":2,"1":1,"2":2},"f":{"0":1},"b":{},"_coverageSchema":"43e27e138ebf9cfc5966b082cf9a028302ed4184","hash":"81a8c1a49da00d0b2d76cfd6f2a6ab6c3aefaec2"}
}
