TN:
SF:/Volumes/XPG Adata S11 256GB/Documents/temp/exercise-digimon-finders/src/App.js
FN:6,(anonymous_0)
FN:14,(anonymous_1)
FN:15,(anonymous_2)
FN:21,(anonymous_3)
FN:25,(anonymous_4)
FN:26,(anonymous_5)
FN:26,(anonymous_6)
FN:35,(anonymous_7)
FN:44,(anonymous_8)
FNF:9
FNH:9
FNDA:3,(anonymous_0)
FNDA:14,(anonymous_1)
FNDA:14,(anonymous_2)
FNDA:1,(anonymous_3)
FNDA:1,(anonymous_4)
FNDA:1,(anonymous_5)
FNDA:1,(anonymous_6)
FNDA:18,(anonymous_7)
FNDA:14,(anonymous_8)
DA:7,3
DA:8,3
DA:10,3
DA:11,3
DA:15,14
DA:22,1
DA:23,1
DA:24,1
DA:25,1
DA:26,1
DA:36,18
DA:37,18
DA:44,14
LF:13
LH:13
BRDA:23,0,0,1
BRDA:23,0,1,0
BRDA:56,1,0,1
BRDA:56,1,1,17
BRDA:56,2,0,18
BRDA:56,2,1,1
BRDA:58,3,0,17
BRDA:58,3,1,17
BRF:8
BRH:7
end_of_record
TN:
SF:/Volumes/XPG Adata S11 256GB/Documents/temp/exercise-digimon-finders/src/Digimon.js
FN:4,(anonymous_0)
FNF:1
FNH:1
FNDA:1,(anonymous_0)
DA:4,2
DA:5,1
DA:14,2
LF:3
LH:3
BRF:0
BRH:0
end_of_record
